<?xml version="1.0" encoding="UTF-8"?>
<!-- Generated by org.testng.reporters.JUnitReportReporter -->
<testsuite hostname="Lingeswar" failures="0" tests="1" name="Testcase.Test_Pending_Leave_Req" time="4.449" errors="0" timestamp="2022-11-10T13:34:30 IST" skipped="0">
  <testcase classname="Testcase.Test_Pending_Leave_Req" name="verifyPendingRequest" time="4.449"/>
  <system-out/>
</testsuite> <!-- Testcase.Test_Pending_Leave_Req -->
